# JRE version: Java(TM) SE Runtime Environment (8.0_31-b13) (build 1.8.0_31-b13)
# Java VM: Java HotSpot(TM) 64-Bit Server VM (25.31-b07 mixed mode windows-amd64 compressed oops)
Heap:
 PSYoungGen      total 768000K, used 123913K [0x000000076b380000, 0x00000007ac800000, 0x00000007c0000000)
  eden space 767488K, 16% used [0x000000076b380000,0x0000000772c4a5e8,0x000000079a100000)
  from space 512K, 43% used [0x00000007ac500000,0x00000007ac538000,0x00000007ac580000)
  to   space 2048K, 0% used [0x00000007ac600000,0x00000007ac600000,0x00000007ac800000)
 ParOldGen       total 175104K, used 21296K [0x00000006c1a00000, 0x00000006cc500000, 0x000000076b380000)
  object space 175104K, 12% used [0x00000006c1a00000,0x00000006c2ecc110,0x00000006cc500000)
 Metaspace       used 9399K, capacity 9606K, committed 9856K, reserved 1058816K
  class space    used 998K, capacity 1069K, committed 1152K, reserved 1048576K
GC Heap History (10 events):
Event: 19208.323 GC heap before
{Heap before GC invocations=9029 (full 0):
 PSYoungGen      total 973312K, used 973312K [0x000000076b380000, 0x00000007acb00000, 0x00000007c0000000)
  eden space 972800K, 100% used [0x000000076b380000,0x00000007a6980000,0x00000007a6980000)
  from space 512K, 100% used [0x00000007aca80000,0x00000007acb00000,0x00000007acb00000)
  to   space 2048K, 0% used [0x00000007ac700000,0x00000007ac700000,0x00000007ac900000)
 ParOldGen       total 175104K, used 21256K [0x00000006c1a00000, 0x00000006cc500000, 0x000000076b380000)
  object space 175104K, 12% used [0x00000006c1a00000,0x00000006c2ec2110,0x00000006cc500000)
 Metaspace       used 9386K, capacity 9606K, committed 9856K, reserved 1058816K
  class space    used 998K, capacity 1069K, committed 1152K, reserved 1048576K
Event: 19208.325 GC heap after
Heap after GC invocations=9029 (full 0):
 PSYoungGen      total 929280K, used 544K [0x000000076b380000, 0x00000007acb00000, 0x00000007c0000000)
  eden space 927232K, 0% used [0x000000076b380000,0x000000076b380000,0x00000007a3d00000)
  from space 2048K, 26% used [0x00000007ac700000,0x00000007ac788000,0x00000007ac900000)
  to   space 2048K, 0% used [0x00000007ac900000,0x00000007ac900000,0x00000007acb00000)
 ParOldGen       total 175104K, used 21280K [0x00000006c1a00000, 0x00000006cc500000, 0x000000076b380000)
  object space 175104K, 12% used [0x00000006c1a00000,0x00000006c2ec8110,0x00000006cc500000)
 Metaspace       used 9386K, capacity 9606K, committed 9856K, reserved 1058816K
  class space    used 998K, capacity 1069K, committed 1152K, reserved 1048576K
}
Event: 19212.441 GC heap before
{Heap before GC invocations=9030 (full 0):
 PSYoungGen      total 929280K, used 927776K [0x000000076b380000, 0x00000007acb00000, 0x00000007c0000000)
  eden space 927232K, 100% used [0x000000076b380000,0x00000007a3d00000,0x00000007a3d00000)
  from space 2048K, 26% used [0x00000007ac700000,0x00000007ac788000,0x00000007ac900000)
  to   space 2048K, 0% used [0x00000007ac900000,0x00000007ac900000,0x00000007acb00000)
 ParOldGen       total 175104K, used 21280K [0x00000006c1a00000, 0x00000006cc500000, 0x000000076b380000)
  object space 175104K, 12% used [0x00000006c1a00000,0x00000006c2ec8110,0x00000006cc500000)
 Metaspace       used 9386K, capacity 9606K, committed 9856K, reserved 1058816K
  class space    used 998K, capacity 1069K, committed 1152K, reserved 1048576K
Event: 19212.441 GC heap after
Heap after GC invocations=9030 (full 0):
 PSYoungGen      total 884736K, used 160K [0x000000076b380000, 0x00000007ac980000, 0x00000007c0000000)
  eden space 884224K, 0% used [0x000000076b380000,0x000000076b380000,0x00000007a1300000)
  from space 512K, 31% used [0x00000007ac900000,0x00000007ac928000,0x00000007ac980000)
  to   space 2048K, 0% used [0x00000007ac580000,0x00000007ac580000,0x00000007ac780000)
 ParOldGen       total 175104K, used 21280K [0x00000006c1a00000, 0x00000006cc500000, 0x000000076b380000)
  object space 175104K, 12% used [0x00000006c1a00000,0x00000006c2ec8110,0x00000006cc500000)
 Metaspace       used 9386K, capacity 9606K, committed 9856K, reserved 1058816K
  class space    used 998K, capacity 1069K, committed 1152K, reserved 1048576K
}
Event: 19213.081 GC heap before
{Heap before GC invocations=9031 (full 0):
 PSYoungGen      total 884736K, used 884384K [0x000000076b380000, 0x00000007ac980000, 0x00000007c0000000)
  eden space 884224K, 100% used [0x000000076b380000,0x00000007a1300000,0x00000007a1300000)
  from space 512K, 31% used [0x00000007ac900000,0x00000007ac928000,0x00000007ac980000)
  to   space 2048K, 0% used [0x00000007ac580000,0x00000007ac580000,0x00000007ac780000)
 ParOldGen       total 175104K, used 21280K [0x00000006c1a00000, 0x00000006cc500000, 0x000000076b380000)
  object space 175104K, 12% used [0x00000006c1a00000,0x00000006c2ec8110,0x00000006cc500000)
 Metaspace       used 9386K, capacity 9606K, committed 9856K, reserved 1058816K
  class space    used 998K, capacity 1069K, committed 1152K, reserved 1048576K
Event: 19213.083 GC heap after
Heap after GC invocations=9031 (full 0):
 PSYoungGen      total 845312K, used 1152K [0x000000076b380000, 0x00000007ac980000, 0x00000007c0000000)
  eden space 843264K, 0% used [0x000000076b380000,0x000000076b380000,0x000000079eb00000)
  from space 2048K, 56% used [0x00000007ac580000,0x00000007ac6a0000,0x00000007ac780000)
  to   space 2048K, 0% used [0x00000007ac780000,0x00000007ac780000,0x00000007ac980000)
 ParOldGen       total 175104K, used 21296K [0x00000006c1a00000, 0x00000006cc500000, 0x000000076b380000)
  object space 175104K, 12% used [0x00000006c1a00000,0x00000006c2ecc110,0x00000006cc500000)
 Metaspace       used 9386K, capacity 9606K, committed 9856K, reserved 1058816K
  class space    used 998K, capacity 1069K, committed 1152K, reserved 1048576K
}
Event: 19213.704 GC heap before
{Heap before GC invocations=9032 (full 0):
 PSYoungGen      total 845312K, used 844416K [0x000000076b380000, 0x00000007ac980000, 0x00000007c0000000)
  eden space 843264K, 100% used [0x000000076b380000,0x000000079eb00000,0x000000079eb00000)
  from space 2048K, 56% used [0x00000007ac580000,0x00000007ac6a0000,0x00000007ac780000)
  to   space 2048K, 0% used [0x00000007ac780000,0x00000007ac780000,0x00000007ac980000)
 ParOldGen       total 175104K, used 21296K [0x00000006c1a00000, 0x00000006cc500000, 0x000000076b380000)
  object space 175104K, 12% used [0x00000006c1a00000,0x00000006c2ecc110,0x00000006cc500000)
 Metaspace       used 9386K, capacity 9606K, committed 9856K, reserved 1058816K
  class space    used 998K, capacity 1069K, committed 1152K, reserved 1048576K
Event: 19213.706 GC heap after
Heap after GC invocations=9032 (full 0):
 PSYoungGen      total 805888K, used 1152K [0x000000076b380000, 0x00000007ac900000, 0x00000007c0000000)
  eden space 804352K, 0% used [0x000000076b380000,0x000000076b380000,0x000000079c500000)
  from space 1536K, 75% used [0x00000007ac780000,0x00000007ac8a0000,0x00000007ac900000)
  to   space 2048K, 0% used [0x00000007ac500000,0x00000007ac500000,0x00000007ac700000)
 ParOldGen       total 175104K, used 21296K [0x00000006c1a00000, 0x00000006cc500000, 0x000000076b380000)
  object space 175104K, 12% used [0x00000006c1a00000,0x00000006c2ecc110,0x00000006cc500000)
 Metaspace       used 9386K, capacity 9606K, committed 9856K, reserved 1058816K
  class space    used 998K, capacity 1069K, committed 1152K, reserved 1048576K
}
Event: 19214.312 GC heap before
{Heap before GC invocations=9033 (full 0):
 PSYoungGen      total 805888K, used 805504K [0x000000076b380000, 0x00000007ac900000, 0x00000007c0000000)
  eden space 804352K, 100% used [0x000000076b380000,0x000000079c500000,0x000000079c500000)
  from space 1536K, 75% used [0x00000007ac780000,0x00000007ac8a0000,0x00000007ac900000)
  to   space 2048K, 0% used [0x00000007ac500000,0x00000007ac500000,0x00000007ac700000)
 ParOldGen       total 175104K, used 21296K [0x00000006c1a00000, 0x00000006cc500000, 0x000000076b380000)
  object space 175104K, 12% used [0x00000006c1a00000,0x00000006c2ecc110,0x00000006cc500000)
 Metaspace       used 9386K, capacity 9606K, committed 9856K, reserved 1058816K
  class space    used 998K, capacity 1069K, committed 1152K, reserved 1048576K
Event: 19214.313 GC heap after
Heap after GC invocations=9033 (full 0):
 PSYoungGen      total 768000K, used 224K [0x000000076b380000, 0x00000007ac800000, 0x00000007c0000000)
  eden space 767488K, 0% used [0x000000076b380000,0x000000076b380000,0x000000079a100000)
  from space 512K, 43% used [0x00000007ac500000,0x00000007ac538000,0x00000007ac580000)
  to   space 2048K, 0% used [0x00000007ac600000,0x00000007ac600000,0x00000007ac800000)
 ParOldGen       total 175104K, used 21296K [0x00000006c1a00000, 0x00000006cc500000, 0x000000076b380000)
  object space 175104K, 12% used [0x00000006c1a00000,0x00000006c2ecc110,0x00000006cc500000)
 Metaspace       used 9386K, capacity 9606K, committed 9856K, reserved 1058816K
  class space    used 998K, capacity 1069K, committed 1152K, reserved 1048576K
}

