# JRE version: Java(TM) SE Runtime Environment (8.0_31-b13) (build 1.8.0_31-b13)
# Java VM: Java HotSpot(TM) 64-Bit Server VM (25.31-b07 mixed mode windows-amd64 compressed oops)
Heap:
 PSYoungGen      total 1354752K, used 1018864K [0x000000076b380000, 0x00000007bfe00000, 0x00000007c0000000)
  eden space 1322496K, 76% used [0x000000076b380000,0x00000007a890c0e0,0x00000007bbf00000)
  from space 32256K, 42% used [0x00000007bbf00000,0x00000007bcc70010,0x00000007bde80000)
  to   space 30720K, 0% used [0x00000007be000000,0x00000007be000000,0x00000007bfe00000)
 ParOldGen       total 277504K, used 84767K [0x00000006c1a00000, 0x00000006d2900000, 0x000000076b380000)
  object space 277504K, 30% used [0x00000006c1a00000,0x00000006c6cc7d48,0x00000006d2900000)
 Metaspace       used 9288K, capacity 9442K, committed 9600K, reserved 1058816K
  class space    used 995K, capacity 1063K, committed 1152K, reserved 1048576K
GC Heap History (10 events):
Event: 16909.820 GC heap before
{Heap before GC invocations=1419 (full 34):
 PSYoungGen      total 1354752K, used 1327968K [0x000000076b380000, 0x00000007c0000000, 0x00000007c0000000)
  eden space 1323008K, 100% used [0x000000076b380000,0x00000007bbf80000,0x00000007bbf80000)
  from space 31744K, 15% used [0x00000007bde80000,0x00000007be358010,0x00000007bfd80000)
  to   space 31744K, 0% used [0x00000007bbf80000,0x00000007bbf80000,0x00000007bde80000)
 ParOldGen       total 277504K, used 51087K [0x00000006c1a00000, 0x00000006d2900000, 0x000000076b380000)
  object space 277504K, 18% used [0x00000006c1a00000,0x00000006c4be3d38,0x00000006d2900000)
 Metaspace       used 9288K, capacity 9442K, committed 9600K, reserved 1058816K
  class space    used 995K, capacity 1063K, committed 1152K, reserved 1048576K
Event: 16909.960 GC heap after
Heap after GC invocations=1419 (full 34):
 PSYoungGen      total 1354752K, used 19200K [0x000000076b380000, 0x00000007c0000000, 0x00000007c0000000)
  eden space 1323008K, 0% used [0x000000076b380000,0x000000076b380000,0x00000007bbf80000)
  from space 31744K, 60% used [0x00000007bbf80000,0x00000007bd240010,0x00000007bde80000)
  to   space 32256K, 0% used [0x00000007be080000,0x00000007be080000,0x00000007c0000000)
 ParOldGen       total 277504K, used 55887K [0x00000006c1a00000, 0x00000006d2900000, 0x000000076b380000)
  object space 277504K, 20% used [0x00000006c1a00000,0x00000006c5093d38,0x00000006d2900000)
 Metaspace       used 9288K, capacity 9442K, committed 9600K, reserved 1058816K
  class space    used 995K, capacity 1063K, committed 1152K, reserved 1048576K
}
Event: 16910.960 GC heap before
{Heap before GC invocations=1420 (full 34):
 PSYoungGen      total 1354752K, used 1342208K [0x000000076b380000, 0x00000007c0000000, 0x00000007c0000000)
  eden space 1323008K, 100% used [0x000000076b380000,0x00000007bbf80000,0x00000007bbf80000)
  from space 31744K, 60% used [0x00000007bbf80000,0x00000007bd240010,0x00000007bde80000)
  to   space 32256K, 0% used [0x00000007be080000,0x00000007be080000,0x00000007c0000000)
 ParOldGen       total 277504K, used 55887K [0x00000006c1a00000, 0x00000006d2900000, 0x000000076b380000)
  object space 277504K, 20% used [0x00000006c1a00000,0x00000006c5093d38,0x00000006d2900000)
 Metaspace       used 9288K, capacity 9442K, committed 9600K, reserved 1058816K
  class space    used 995K, capacity 1063K, committed 1152K, reserved 1048576K
Event: 16911.017 GC heap after
Heap after GC invocations=1420 (full 34):
 PSYoungGen      total 1354752K, used 21664K [0x000000076b380000, 0x00000007c0000000, 0x00000007c0000000)
  eden space 1322496K, 0% used [0x000000076b380000,0x000000076b380000,0x00000007bbf00000)
  from space 32256K, 67% used [0x00000007be080000,0x00000007bf5a8010,0x00000007c0000000)
  to   space 33280K, 0% used [0x00000007bbf00000,0x00000007bbf00000,0x00000007bdf80000)
 ParOldGen       total 277504K, used 75183K [0x00000006c1a00000, 0x00000006d2900000, 0x000000076b380000)
  object space 277504K, 27% used [0x00000006c1a00000,0x00000006c636bd48,0x00000006d2900000)
 Metaspace       used 9288K, capacity 9442K, committed 9600K, reserved 1058816K
  class space    used 995K, capacity 1063K, committed 1152K, reserved 1048576K
}
Event: 16911.933 GC heap before
{Heap before GC invocations=1421 (full 34):
 PSYoungGen      total 1354752K, used 1344160K [0x000000076b380000, 0x00000007c0000000, 0x00000007c0000000)
  eden space 1322496K, 100% used [0x000000076b380000,0x00000007bbf00000,0x00000007bbf00000)
  from space 32256K, 67% used [0x00000007be080000,0x00000007bf5a8010,0x00000007c0000000)
  to   space 33280K, 0% used [0x00000007bbf00000,0x00000007bbf00000,0x00000007bdf80000)
 ParOldGen       total 277504K, used 75183K [0x00000006c1a00000, 0x00000006d2900000, 0x000000076b380000)
  object space 277504K, 27% used [0x00000006c1a00000,0x00000006c636bd48,0x00000006d2900000)
 Metaspace       used 9288K, capacity 9442K, committed 9600K, reserved 1058816K
  class space    used 995K, capacity 1063K, committed 1152K, reserved 1048576K
Event: 16911.945 GC heap after
Heap after GC invocations=1421 (full 34):
 PSYoungGen      total 1355776K, used 19136K [0x000000076b380000, 0x00000007c0000000, 0x00000007c0000000)
  eden space 1322496K, 0% used [0x000000076b380000,0x000000076b380000,0x00000007bbf00000)
  from space 33280K, 57% used [0x00000007bbf00000,0x00000007bd1b0010,0x00000007bdf80000)
  to   space 33280K, 0% used [0x00000007bdf80000,0x00000007bdf80000,0x00000007c0000000)
 ParOldGen       total 277504K, used 75223K [0x00000006c1a00000, 0x00000006d2900000, 0x000000076b380000)
  object space 277504K, 27% used [0x00000006c1a00000,0x00000006c6375d48,0x00000006d2900000)
 Metaspace       used 9288K, capacity 9442K, committed 9600K, reserved 1058816K
  class space    used 995K, capacity 1063K, committed 1152K, reserved 1048576K
}
Event: 16912.917 GC heap before
{Heap before GC invocations=1422 (full 34):
 PSYoungGen      total 1355776K, used 1341632K [0x000000076b380000, 0x00000007c0000000, 0x00000007c0000000)
  eden space 1322496K, 100% used [0x000000076b380000,0x00000007bbf00000,0x00000007bbf00000)
  from space 33280K, 57% used [0x00000007bbf00000,0x00000007bd1b0010,0x00000007bdf80000)
  to   space 33280K, 0% used [0x00000007bdf80000,0x00000007bdf80000,0x00000007c0000000)
 ParOldGen       total 277504K, used 75223K [0x00000006c1a00000, 0x00000006d2900000, 0x000000076b380000)
  object space 277504K, 27% used [0x00000006c1a00000,0x00000006c6375d48,0x00000006d2900000)
 Metaspace       used 9288K, capacity 9442K, committed 9600K, reserved 1058816K
  class space    used 995K, capacity 1063K, committed 1152K, reserved 1048576K
Event: 16912.929 GC heap after
Heap after GC invocations=1422 (full 34):
 PSYoungGen      total 1353728K, used 10176K [0x000000076b380000, 0x00000007bfe00000, 0x00000007c0000000)
  eden space 1322496K, 0% used [0x000000076b380000,0x000000076b380000,0x00000007bbf00000)
  from space 31232K, 32% used [0x00000007bdf80000,0x00000007be970010,0x00000007bfe00000)
  to   space 32256K, 0% used [0x00000007bbf00000,0x00000007bbf00000,0x00000007bde80000)
 ParOldGen       total 277504K, used 75223K [0x00000006c1a00000, 0x00000006d2900000, 0x000000076b380000)
  object space 277504K, 27% used [0x00000006c1a00000,0x00000006c6375d48,0x00000006d2900000)
 Metaspace       used 9288K, capacity 9442K, committed 9600K, reserved 1058816K
  class space    used 995K, capacity 1063K, committed 1152K, reserved 1048576K
}
Event: 16914.008 GC heap before
{Heap before GC invocations=1423 (full 34):
 PSYoungGen      total 1353728K, used 1332672K [0x000000076b380000, 0x00000007bfe00000, 0x00000007c0000000)
  eden space 1322496K, 100% used [0x000000076b380000,0x00000007bbf00000,0x00000007bbf00000)
  from space 31232K, 32% used [0x00000007bdf80000,0x00000007be970010,0x00000007bfe00000)
  to   space 32256K, 0% used [0x00000007bbf00000,0x00000007bbf00000,0x00000007bde80000)
 ParOldGen       total 277504K, used 75223K [0x00000006c1a00000, 0x00000006d2900000, 0x000000076b380000)
  object space 277504K, 27% used [0x00000006c1a00000,0x00000006c6375d48,0x00000006d2900000)
 Metaspace       used 9288K, capacity 9442K, committed 9600K, reserved 1058816K
  class space    used 995K, capacity 1063K, committed 1152K, reserved 1048576K
Event: 16914.023 GC heap after
Heap after GC invocations=1423 (full 34):
 PSYoungGen      total 1354752K, used 13760K [0x000000076b380000, 0x00000007bfe00000, 0x00000007c0000000)
  eden space 1322496K, 0% used [0x000000076b380000,0x000000076b380000,0x00000007bbf00000)
  from space 32256K, 42% used [0x00000007bbf00000,0x00000007bcc70010,0x00000007bde80000)
  to   space 30720K, 0% used [0x00000007be000000,0x00000007be000000,0x00000007bfe00000)
 ParOldGen       total 277504K, used 84767K [0x00000006c1a00000, 0x00000006d2900000, 0x000000076b380000)
  object space 277504K, 30% used [0x00000006c1a00000,0x00000006c6cc7d48,0x00000006d2900000)
 Metaspace       used 9288K, capacity 9442K, committed 9600K, reserved 1058816K
  class space    used 995K, capacity 1063K, committed 1152K, reserved 1048576K
}

