# JRE version: Java(TM) SE Runtime Environment (8.0_31-b13) (build 1.8.0_31-b13)
# Java VM: Java HotSpot(TM) 64-Bit Server VM (25.31-b07 mixed mode windows-amd64 compressed oops)
Heap:
 PSYoungGen      total 32256K, used 15302K [0x000000076ae00000, 0x0000000787400000, 0x00000007c0000000)
  eden space 31744K, 48% used [0x000000076ae00000,0x000000076bce18e8,0x000000076cd00000)
  from space 512K, 12% used [0x0000000787380000,0x0000000787390000,0x0000000787400000)
  to   space 512K, 0% used [0x0000000787300000,0x0000000787300000,0x0000000787380000)
 ParOldGen       total 175104K, used 4320K [0x00000006c0a00000, 0x00000006cb500000, 0x000000076ae00000)
  object space 175104K, 2% used [0x00000006c0a00000,0x00000006c0e38090,0x00000006cb500000)
 Metaspace       used 8264K, capacity 8432K, committed 8704K, reserved 1056768K
  class space    used 870K, capacity 940K, committed 1024K, reserved 1048576K
GC Heap History (10 events):
Event: 11602.458 GC heap before
{Heap before GC invocations=9672 (full 0):
 PSYoungGen      total 34816K, used 34400K [0x000000076ae00000, 0x0000000787400000, 0x00000007c0000000)
  eden space 34304K, 100% used [0x000000076ae00000,0x000000076cf80000,0x000000076cf80000)
  from space 512K, 18% used [0x0000000787300000,0x0000000787318000,0x0000000787380000)
  to   space 512K, 0% used [0x0000000787380000,0x0000000787380000,0x0000000787400000)
 ParOldGen       total 175104K, used 4320K [0x00000006c0a00000, 0x00000006cb500000, 0x000000076ae00000)
  object space 175104K, 2% used [0x00000006c0a00000,0x00000006c0e38090,0x00000006cb500000)
 Metaspace       used 8264K, capacity 8432K, committed 8704K, reserved 1056768K
  class space    used 870K, capacity 940K, committed 1024K, reserved 1048576K
Event: 11602.458 GC heap after
Heap after GC invocations=9672 (full 0):
 PSYoungGen      total 34304K, used 64K [0x000000076ae00000, 0x0000000787400000, 0x00000007c0000000)
  eden space 33792K, 0% used [0x000000076ae00000,0x000000076ae00000,0x000000076cf00000)
  from space 512K, 12% used [0x0000000787380000,0x0000000787390000,0x0000000787400000)
  to   space 512K, 0% used [0x0000000787300000,0x0000000787300000,0x0000000787380000)
 ParOldGen       total 175104K, used 4320K [0x00000006c0a00000, 0x00000006cb500000, 0x000000076ae00000)
  object space 175104K, 2% used [0x00000006c0a00000,0x00000006c0e38090,0x00000006cb500000)
 Metaspace       used 8264K, capacity 8432K, committed 8704K, reserved 1056768K
  class space    used 870K, capacity 940K, committed 1024K, reserved 1048576K
}
Event: 11602.982 GC heap before
{Heap before GC invocations=9673 (full 0):
 PSYoungGen      total 34304K, used 33856K [0x000000076ae00000, 0x0000000787400000, 0x00000007c0000000)
  eden space 33792K, 100% used [0x000000076ae00000,0x000000076cf00000,0x000000076cf00000)
  from space 512K, 12% used [0x0000000787380000,0x0000000787390000,0x0000000787400000)
  to   space 512K, 0% used [0x0000000787300000,0x0000000787300000,0x0000000787380000)
 ParOldGen       total 175104K, used 4320K [0x00000006c0a00000, 0x00000006cb500000, 0x000000076ae00000)
  object space 175104K, 2% used [0x00000006c0a00000,0x00000006c0e38090,0x00000006cb500000)
 Metaspace       used 8264K, capacity 8432K, committed 8704K, reserved 1056768K
  class space    used 870K, capacity 940K, committed 1024K, reserved 1048576K
Event: 11602.982 GC heap after
Heap after GC invocations=9673 (full 0):
 PSYoungGen      total 33792K, used 64K [0x000000076ae00000, 0x0000000787400000, 0x00000007c0000000)
  eden space 33280K, 0% used [0x000000076ae00000,0x000000076ae00000,0x000000076ce80000)
  from space 512K, 12% used [0x0000000787300000,0x0000000787310000,0x0000000787380000)
  to   space 512K, 0% used [0x0000000787380000,0x0000000787380000,0x0000000787400000)
 ParOldGen       total 175104K, used 4320K [0x00000006c0a00000, 0x00000006cb500000, 0x000000076ae00000)
  object space 175104K, 2% used [0x00000006c0a00000,0x00000006c0e38090,0x00000006cb500000)
 Metaspace       used 8264K, capacity 8432K, committed 8704K, reserved 1056768K
  class space    used 870K, capacity 940K, committed 1024K, reserved 1048576K
}
Event: 11603.341 GC heap before
{Heap before GC invocations=9674 (full 0):
 PSYoungGen      total 33792K, used 33344K [0x000000076ae00000, 0x0000000787400000, 0x00000007c0000000)
  eden space 33280K, 100% used [0x000000076ae00000,0x000000076ce80000,0x000000076ce80000)
  from space 512K, 12% used [0x0000000787300000,0x0000000787310000,0x0000000787380000)
  to   space 512K, 0% used [0x0000000787380000,0x0000000787380000,0x0000000787400000)
 ParOldGen       total 175104K, used 4320K [0x00000006c0a00000, 0x00000006cb500000, 0x000000076ae00000)
  object space 175104K, 2% used [0x00000006c0a00000,0x00000006c0e38090,0x00000006cb500000)
 Metaspace       used 8264K, capacity 8432K, committed 8704K, reserved 1056768K
  class space    used 870K, capacity 940K, committed 1024K, reserved 1048576K
Event: 11603.342 GC heap after
Heap after GC invocations=9674 (full 0):
 PSYoungGen      total 33280K, used 64K [0x000000076ae00000, 0x0000000787400000, 0x00000007c0000000)
  eden space 32768K, 0% used [0x000000076ae00000,0x000000076ae00000,0x000000076ce00000)
  from space 512K, 12% used [0x0000000787380000,0x0000000787390000,0x0000000787400000)
  to   space 512K, 0% used [0x0000000787300000,0x0000000787300000,0x0000000787380000)
 ParOldGen       total 175104K, used 4320K [0x00000006c0a00000, 0x00000006cb500000, 0x000000076ae00000)
  object space 175104K, 2% used [0x00000006c0a00000,0x00000006c0e38090,0x00000006cb500000)
 Metaspace       used 8264K, capacity 8432K, committed 8704K, reserved 1056768K
  class space    used 870K, capacity 940K, committed 1024K, reserved 1048576K
}
Event: 11603.457 GC heap before
{Heap before GC invocations=9675 (full 0):
 PSYoungGen      total 33280K, used 32832K [0x000000076ae00000, 0x0000000787400000, 0x00000007c0000000)
  eden space 32768K, 100% used [0x000000076ae00000,0x000000076ce00000,0x000000076ce00000)
  from space 512K, 12% used [0x0000000787380000,0x0000000787390000,0x0000000787400000)
  to   space 512K, 0% used [0x0000000787300000,0x0000000787300000,0x0000000787380000)
 ParOldGen       total 175104K, used 4320K [0x00000006c0a00000, 0x00000006cb500000, 0x000000076ae00000)
  object space 175104K, 2% used [0x00000006c0a00000,0x00000006c0e38090,0x00000006cb500000)
 Metaspace       used 8264K, capacity 8432K, committed 8704K, reserved 1056768K
  class space    used 870K, capacity 940K, committed 1024K, reserved 1048576K
Event: 11603.457 GC heap after
Heap after GC invocations=9675 (full 0):
 PSYoungGen      total 32768K, used 64K [0x000000076ae00000, 0x0000000787400000, 0x00000007c0000000)
  eden space 32256K, 0% used [0x000000076ae00000,0x000000076ae00000,0x000000076cd80000)
  from space 512K, 12% used [0x0000000787300000,0x0000000787310000,0x0000000787380000)
  to   space 512K, 0% used [0x0000000787380000,0x0000000787380000,0x0000000787400000)
 ParOldGen       total 175104K, used 4320K [0x00000006c0a00000, 0x00000006cb500000, 0x000000076ae00000)
  object space 175104K, 2% used [0x00000006c0a00000,0x00000006c0e38090,0x00000006cb500000)
 Metaspace       used 8264K, capacity 8432K, committed 8704K, reserved 1056768K
  class space    used 870K, capacity 940K, committed 1024K, reserved 1048576K
}
Event: 11603.670 GC heap before
{Heap before GC invocations=9676 (full 0):
 PSYoungGen      total 32768K, used 32320K [0x000000076ae00000, 0x0000000787400000, 0x00000007c0000000)
  eden space 32256K, 100% used [0x000000076ae00000,0x000000076cd80000,0x000000076cd80000)
  from space 512K, 12% used [0x0000000787300000,0x0000000787310000,0x0000000787380000)
  to   space 512K, 0% used [0x0000000787380000,0x0000000787380000,0x0000000787400000)
 ParOldGen       total 175104K, used 4320K [0x00000006c0a00000, 0x00000006cb500000, 0x000000076ae00000)
  object space 175104K, 2% used [0x00000006c0a00000,0x00000006c0e38090,0x00000006cb500000)
 Metaspace       used 8264K, capacity 8432K, committed 8704K, reserved 1056768K
  class space    used 870K, capacity 940K, committed 1024K, reserved 1048576K
Event: 11603.670 GC heap after
Heap after GC invocations=9676 (full 0):
 PSYoungGen      total 32256K, used 64K [0x000000076ae00000, 0x0000000787400000, 0x00000007c0000000)
  eden space 31744K, 0% used [0x000000076ae00000,0x000000076ae00000,0x000000076cd00000)
  from space 512K, 12% used [0x0000000787380000,0x0000000787390000,0x0000000787400000)
  to   space 512K, 0% used [0x0000000787300000,0x0000000787300000,0x0000000787380000)
 ParOldGen       total 175104K, used 4320K [0x00000006c0a00000, 0x00000006cb500000, 0x000000076ae00000)
  object space 175104K, 2% used [0x00000006c0a00000,0x00000006c0e38090,0x00000006cb500000)
 Metaspace       used 8264K, capacity 8432K, committed 8704K, reserved 1056768K
  class space    used 870K, capacity 940K, committed 1024K, reserved 1048576K
}

